# JRE version: Java(TM) SE Runtime Environment (8.0_112-b15) (build 1.8.0_112-b15)
# Java VM: Java HotSpot(TM) 64-Bit Server VM (25.112-b15 mixed mode windows-amd64 compressed oops)
Heap:
 PSYoungGen      total 275968K, used 4698K [0x000000078b100000, 0x000000079de80000, 0x00000007c0000000)
  eden space 250368K, 1% used [0x000000078b100000,0x000000078b596b78,0x000000079a580000)
  from space 25600K, 0% used [0x000000079a580000,0x000000079a580000,0x000000079be80000)
  to   space 23552K, 0% used [0x000000079be80000,0x000000079be80000,0x000000079d580000)
 ParOldGen       total 116736K, used 41031K [0x0000000721200000, 0x0000000728400000, 0x000000078b100000)
  object space 116736K, 35% used [0x0000000721200000,0x0000000723a11dc0,0x0000000728400000)
 Metaspace       used 41256K, capacity 42026K, committed 42328K, reserved 1085440K
  class space    used 5474K, capacity 5657K, committed 5760K, reserved 1048576K
GC Heap History (10 events):
Event: 7.066 GC heap before
{Heap before GC invocations=12 (full 1):
 PSYoungGen      total 273920K, used 73726K [0x000000078b100000, 0x000000079de80000, 0x00000007c0000000)
  eden space 250368K, 21% used [0x000000078b100000,0x000000078e46e388,0x000000079a580000)
  from space 23552K, 89% used [0x000000079be80000,0x000000079d311828,0x000000079d580000)
  to   space 25600K, 0% used [0x000000079a580000,0x000000079a580000,0x000000079be80000)
 ParOldGen       total 68608K, used 31538K [0x0000000721200000, 0x0000000725500000, 0x000000078b100000)
  object space 68608K, 45% used [0x0000000721200000,0x00000007230cca80,0x0000000725500000)
 Metaspace       used 34737K, capacity 35278K, committed 35416K, reserved 1079296K
  class space    used 4549K, capacity 4719K, committed 4736K, reserved 1048576K
Event: 7.084 GC heap after
Heap after GC invocations=12 (full 1):
 PSYoungGen      total 275968K, used 9015K [0x000000078b100000, 0x000000079de80000, 0x00000007c0000000)
  eden space 250368K, 0% used [0x000000078b100000,0x000000078b100000,0x000000079a580000)
  from space 25600K, 35% used [0x000000079a580000,0x000000079ae4dfa0,0x000000079be80000)
  to   space 23552K, 0% used [0x000000079be80000,0x000000079be80000,0x000000079d580000)
 ParOldGen       total 68608K, used 37943K [0x0000000721200000, 0x0000000725500000, 0x000000078b100000)
  object space 68608K, 55% used [0x0000000721200000,0x000000072370dd28,0x0000000725500000)
 Metaspace       used 34737K, capacity 35278K, committed 35416K, reserved 1079296K
  class space    used 4549K, capacity 4719K, committed 4736K, reserved 1048576K
}
Event: 7.084 GC heap before
{Heap before GC invocations=13 (full 2):
 PSYoungGen      total 275968K, used 9015K [0x000000078b100000, 0x000000079de80000, 0x00000007c0000000)
  eden space 250368K, 0% used [0x000000078b100000,0x000000078b100000,0x000000079a580000)
  from space 25600K, 35% used [0x000000079a580000,0x000000079ae4dfa0,0x000000079be80000)
  to   space 23552K, 0% used [0x000000079be80000,0x000000079be80000,0x000000079d580000)
 ParOldGen       total 68608K, used 37943K [0x0000000721200000, 0x0000000725500000, 0x000000078b100000)
  object space 68608K, 55% used [0x0000000721200000,0x000000072370dd28,0x0000000725500000)
 Metaspace       used 34737K, capacity 35278K, committed 35416K, reserved 1079296K
  class space    used 4549K, capacity 4719K, committed 4736K, reserved 1048576K
Event: 7.199 GC heap after
Heap after GC invocations=13 (full 2):
 PSYoungGen      total 275968K, used 0K [0x000000078b100000, 0x000000079de80000, 0x00000007c0000000)
  eden space 250368K, 0% used [0x000000078b100000,0x000000078b100000,0x000000079a580000)
  from space 25600K, 0% used [0x000000079a580000,0x000000079a580000,0x000000079be80000)
  to   space 23552K, 0% used [0x000000079be80000,0x000000079be80000,0x000000079d580000)
 ParOldGen       total 116736K, used 28401K [0x0000000721200000, 0x0000000728400000, 0x000000078b100000)
  object space 116736K, 24% used [0x0000000721200000,0x0000000722dbc618,0x0000000728400000)
 Metaspace       used 34737K, capacity 35278K, committed 35416K, reserved 1079296K
  class space    used 4549K, capacity 4719K, committed 4736K, reserved 1048576K
}
Event: 8.498 GC heap before
{Heap before GC invocations=14 (full 2):
 PSYoungGen      total 275968K, used 250368K [0x000000078b100000, 0x000000079de80000, 0x00000007c0000000)
  eden space 250368K, 100% used [0x000000078b100000,0x000000079a580000,0x000000079a580000)
  from space 25600K, 0% used [0x000000079a580000,0x000000079a580000,0x000000079be80000)
  to   space 23552K, 0% used [0x000000079be80000,0x000000079be80000,0x000000079d580000)
 ParOldGen       total 116736K, used 28401K [0x0000000721200000, 0x0000000728400000, 0x000000078b100000)
  object space 116736K, 24% used [0x0000000721200000,0x0000000722dbc618,0x0000000728400000)
 Metaspace       used 36508K, capacity 37210K, committed 37464K, reserved 1081344K
  class space    used 4784K, capacity 4945K, committed 4992K, reserved 1048576K
Event: 8.524 GC heap after
Heap after GC invocations=14 (full 2):
 PSYoungGen      total 273920K, used 19230K [0x000000078b100000, 0x000000079de80000, 0x00000007c0000000)
  eden space 250368K, 0% used [0x000000078b100000,0x000000078b100000,0x000000079a580000)
  from space 23552K, 81% used [0x000000079be80000,0x000000079d147878,0x000000079d580000)
  to   space 25600K, 0% used [0x000000079a580000,0x000000079a580000,0x000000079be80000)
 ParOldGen       total 116736K, used 28409K [0x0000000721200000, 0x0000000728400000, 0x000000078b100000)
  object space 116736K, 24% used [0x0000000721200000,0x0000000722dbe618,0x0000000728400000)
 Metaspace       used 36508K, capacity 37210K, committed 37464K, reserved 1081344K
  class space    used 4784K, capacity 4945K, committed 4992K, reserved 1048576K
}
Event: 9.711 GC heap before
{Heap before GC invocations=15 (full 2):
 PSYoungGen      total 273920K, used 198797K [0x000000078b100000, 0x000000079de80000, 0x00000007c0000000)
  eden space 250368K, 71% used [0x000000078b100000,0x000000079605be00,0x000000079a580000)
  from space 23552K, 81% used [0x000000079be80000,0x000000079d147878,0x000000079d580000)
  to   space 25600K, 0% used [0x000000079a580000,0x000000079a580000,0x000000079be80000)
 ParOldGen       total 116736K, used 28409K [0x0000000721200000, 0x0000000728400000, 0x000000078b100000)
  object space 116736K, 24% used [0x0000000721200000,0x0000000722dbe618,0x0000000728400000)
 Metaspace       used 41254K, capacity 41994K, committed 42200K, reserved 1085440K
  class space    used 5473K, capacity 5625K, committed 5632K, reserved 1048576K
Event: 9.740 GC heap after
Heap after GC invocations=15 (full 2):
 PSYoungGen      total 275968K, used 12086K [0x000000078b100000, 0x000000079de80000, 0x00000007c0000000)
  eden space 250368K, 0% used [0x000000078b100000,0x000000078b100000,0x000000079a580000)
  from space 25600K, 47% used [0x000000079a580000,0x000000079b14dab8,0x000000079be80000)
  to   space 23552K, 0% used [0x000000079be80000,0x000000079be80000,0x000000079d580000)
 ParOldGen       total 116736K, used 32249K [0x0000000721200000, 0x0000000728400000, 0x000000078b100000)
  object space 116736K, 27% used [0x0000000721200000,0x000000072317e4c8,0x0000000728400000)
 Metaspace       used 41254K, capacity 41994K, committed 42200K, reserved 1085440K
  class space    used 5473K, capacity 5625K, committed 5632K, reserved 1048576K
}
Event: 9.740 GC heap before
{Heap before GC invocations=16 (full 3):
 PSYoungGen      total 275968K, used 12086K [0x000000078b100000, 0x000000079de80000, 0x00000007c0000000)
  eden space 250368K, 0% used [0x000000078b100000,0x000000078b100000,0x000000079a580000)
  from space 25600K, 47% used [0x000000079a580000,0x000000079b14dab8,0x000000079be80000)
  to   space 23552K, 0% used [0x000000079be80000,0x000000079be80000,0x000000079d580000)
 ParOldGen       total 116736K, used 32249K [0x0000000721200000, 0x0000000728400000, 0x000000078b100000)
  object space 116736K, 27% used [0x0000000721200000,0x000000072317e4c8,0x0000000728400000)
 Metaspace       used 41254K, capacity 41994K, committed 42200K, reserved 1085440K
  class space    used 5473K, capacity 5625K, committed 5632K, reserved 1048576K
Event: 9.951 GC heap after
Heap after GC invocations=16 (full 3):
 PSYoungGen      total 275968K, used 0K [0x000000078b100000, 0x000000079de80000, 0x00000007c0000000)
  eden space 250368K, 0% used [0x000000078b100000,0x000000078b100000,0x000000079a580000)
  from space 25600K, 0% used [0x000000079a580000,0x000000079a580000,0x000000079be80000)
  to   space 23552K, 0% used [0x000000079be80000,0x000000079be80000,0x000000079d580000)
 ParOldGen       total 116736K, used 41031K [0x0000000721200000, 0x0000000728400000, 0x000000078b100000)
  object space 116736K, 35% used [0x0000000721200000,0x0000000723a11dc0,0x0000000728400000)
 Metaspace       used 41254K, capacity 41994K, committed 42200K, reserved 1085440K
  class space    used 5473K, capacity 5625K, committed 5632K, reserved 1048576K
}

